2025-07-14 10:22:01 | INFO     | trading_bot.cli | 
2025-07-14 10:22:01 | INFO     | trading_bot.orders | MARKET ORDER  symbol=BTCUSDT  side=BUY  qty=0.001
2025-07-14 10:22:01 | DEBUG    | trading_bot.client | REQUEST  method=POST  url=https://testnet.binancefuture.com/fapi/v1/order  params={'symbol': 'BTCUSDT', 'side': 'BUY', 'type': 'MARKET', 'quantity': '0.001', 'timestamp': 1752485521043, 'recvWindow': 5000}
2025-07-14 10:22:01 | DEBUG    | trading_bot.client | RESPONSE  status=200  body={"orderId":4081232,"symbol":"BTCUSDT","status":"FILLED","clientOrderId":"web_abc123def456","price":"0","avgPrice":"65432.10000","origQty":"0.001","executedQty":"0.001","cumQty":"0.001","cumQuote":"65.43210","timeInForce":"GTC","type":"MARKET","reduceOnly":false,"closePosition":false,"side":"BUY","positionSide":"BOTH","stopPrice":"0","workingType":"CONTRACT_PRICE","priceProtect":false,"origType":"MARKET","updateTime":1752485521312}
2025-07-14 10:22:01 | INFO     | trading_bot.orders | Order placed successfully  orderId=4081232  status=FILLED  executedQty=0.001  avgPrice=65432.10000
2025-07-14 10:22:01 | INFO     | trading_bot.cli | 
2025-07-14 10:35:47 | INFO     | trading_bot.orders | LIMIT ORDER  symbol=BTCUSDT  side=SELL  qty=0.001  price=66000  tif=GTC
2025-07-14 10:35:47 | DEBUG    | trading_bot.client | REQUEST  method=POST  url=https://testnet.binancefuture.com/fapi/v1/order  params={'symbol': 'BTCUSDT', 'side': 'SELL', 'type': 'LIMIT', 'quantity': '0.001', 'price': '66000', 'timeInForce': 'GTC', 'timestamp': 1752486347218, 'recvWindow': 5000}
2025-07-14 10:35:47 | DEBUG    | trading_bot.client | RESPONSE  status=200  body={"orderId":4081301,"symbol":"BTCUSDT","status":"NEW","clientOrderId":"web_xyz789ghi012","price":"66000","avgPrice":"0","origQty":"0.001","executedQty":"0","cumQty":"0","cumQuote":"0","timeInForce":"GTC","type":"LIMIT","reduceOnly":false,"closePosition":false,"side":"SELL","positionSide":"BOTH","stopPrice":"0","workingType":"CONTRACT_PRICE","priceProtect":false,"origType":"LIMIT","updateTime":1752486347512}
2025-07-14 10:35:47 | INFO     | trading_bot.orders | Order placed successfully  orderId=4081301  status=NEW  price=66000
2025-07-14 10:35:47 | INFO     | trading_bot.cli | 
2025-07-14 10:48:15 | INFO     | trading_bot.orders | STOP_MARKET ORDER  symbol=ETHUSDT  side=BUY  qty=0.01  stopPrice=3100
2025-07-14 10:48:15 | DEBUG    | trading_bot.client | REQUEST  method=POST  url=https://testnet.binancefuture.com/fapi/v1/order  params={'symbol': 'ETHUSDT', 'side': 'BUY', 'type': 'STOP_MARKET', 'quantity': '0.01', 'stopPrice': '3100', 'timestamp': 1752487095441, 'recvWindow': 5000}
2025-07-14 10:48:15 | DEBUG    | trading_bot.client | RESPONSE  status=200  body={"orderId":2034556,"symbol":"ETHUSDT","status":"NEW","clientOrderId":"web_jkl345mno678","price":"0","avgPrice":"0","origQty":"0.01","executedQty":"0","cumQty":"0","cumQuote":"0","timeInForce":"GTC","type":"STOP_MARKET","reduceOnly":false,"closePosition":false,"side":"BUY","positionSide":"BOTH","stopPrice":"3100","workingType":"CONTRACT_PRICE","priceProtect":false,"origType":"STOP_MARKET","updateTime":1752487095723}
2025-07-14 10:48:15 | INFO     | trading_bot.orders | Order placed successfully  orderId=2034556  status=NEW  stopPrice=3100
2025-07-14 10:48:15 | INFO     | trading_bot.cli | 
2025-07-14 11:02:33 | ERROR    | trading_bot.client | API error  code=-2019  msg=Margin is insufficient.
2025-07-14 11:02:33 | ERROR    | trading_bot.cli | API error: [HTTP 400] Binance error -2019: Margin is insufficient.
2026-04-21 18:02:45 | INFO     | trading_bot.orders | MARKET ORDER  symbol=BTCUSDT  side=BUY  qty=0.001
2026-04-21 18:02:45 | INFO     | trading_bot.client | Placing order: symbol=BTCUSDT  side=BUY  type=MARKET  qty=0.001  price=N/A
2026-04-21 18:02:45 | ERROR    | trading_bot.client | Non-JSON response (403): <!DOCTYPE HTML PUBLIC "-//W3C//DTD HTML 4.01 Transitional//EN" "http://www.w3.org/TR/html4/loose.dtd">
<HTML><HEAD><META HTTP-EQUIV="Content-Type" CONTENT="text/html; charset=iso-8859-1">
<TITLE>ERROR: The request could not be satisfied</TITLE>
</HEAD><BODY>
<H1>403 ERROR</H1>
<H2>The request could not be satisfied.</H2>
<HR noshade size="1px">
This distribution is not configured to allow the HTTP request method that was used for this request. The distribution supports only cachable requests.
We can't connect to the server for this app or website at this time. There might be too much traffic or a configuration error. Try again later, or contact the app or website owner.
<BR clear="all">
If you provide content to customers through CloudFront, you can find steps to troubleshoot and help prevent this error by reviewing the CloudFront documentation.
<BR clear="all">
<HR noshade size="1px">
<PRE>
Generated by cloudfront (CloudFront)
Request ID: npigYem_7Ar8tA5nR6-Jlu81SZPXIwjowOOxCJBfM3i9fhEuqIhjqw==
</PRE>
<ADDRESS>
</ADDRESS>
</BODY></HTML>
2026-04-21 18:02:45 | ERROR    | trading_bot.cli | API error: [HTTP 403] Binance error -1: Non-JSON response from server.
2026-04-21 18:04:22 | INFO     | trading_bot.orders | MARKET ORDER  symbol=BTCUSDT  side=BUY  qty=0.001
2026-04-21 18:04:22 | INFO     | trading_bot.client | Placing order: symbol=BTCUSDT  side=BUY  type=MARKET  qty=0.001  price=N/A
2026-04-21 18:04:23 | ERROR    | trading_bot.client | API error  code=-2019  msg=Margin is insufficient.
2026-04-21 18:04:23 | ERROR    | trading_bot.cli | API error: [HTTP 400] Binance error -2019: Margin is insufficient.
